This is pdfTeX, Version 3.14159265-2.6-1.40.18 (TeX Live 2017) (preloaded format=pdflatex 2018.1.29)  2 FEB 2018 14:20
entering extended mode
 restricted \write18 enabled.
 %&-line parsing enabled.
**skeleton.tex
(./skeleton.tex
LaTeX2e <2017-04-15>
Babel <3.17> and hyphenation patterns for 84 language(s) loaded.

! LaTeX Error: File `pinp.cls' not found.

Type X to quit or <RETURN> to proceed,
or enter new name. (Default extension: cls)

Enter file name: 
! Emergency stop.
<read *> 
         
l.2 ^^M
        
Here is how much of TeX's memory you used:
 10 strings out of 492980
 176 string characters out of 6132509
 20054252 words of memory out of 32435455
 3676 multiletter control sequences out of 15000+600000
 3640 words of font info for 14 fonts, out of 8000000 for 9000
 1141 hyphenation exceptions out of 8191
 10i,0n,7p,78b,8s stack positions out of 30000i,500n,10000p,200000b,80000s

!  ==> Fatal error occurred, no output PDF file produced!
